<?xml version="1.0" encoding="UTF-8"?>
<!-- Generated by org.testng.reporters.JUnitXMLReporter -->
<testsuite ignored="0" hostname="DESKTOP-3LQC5PV" failures="0" tests="5" name="OPencartttest(failed)" time="56.871" errors="0" timestamp="2023-03-06T07:15:51 IST">
  <testcase classname="testCase.TC_003_LoginDDT" name="test_loginDDT" time="11.426"/>
  <testcase classname="testCase.TC_003_LoginDDT" name="test_loginDDT" time="11.577"/>
  <testcase classname="testCase.TC_003_LoginDDT" name="test_loginDDT" time="10.831"/>
  <testcase classname="testCase.TC_003_LoginDDT" name="test_loginDDT" time="10.879"/>
  <testcase classname="testCase.TC_003_LoginDDT" name="test_loginDDT" time="1.279"/>
</testsuite> <!-- OPencartttest(failed) -->
