<?xml version="1.0" encoding="UTF-8"?>
<!-- Generated by org.testng.reporters.JUnitXMLReporter -->
<testsuite ignored="0" hostname="DESKTOP-3LQC5PV" failures="0" tests="5" name="OPencartttest" time="67.653" errors="0" timestamp="2023-03-06T19:49:01 IST">
  <testcase classname="testCase.TC_003_LoginDDT" name="test_loginDDT" time="11.776"/>
  <testcase classname="testCase.TC_003_LoginDDT" name="test_loginDDT" time="11.631"/>
  <testcase classname="testCase.TC_003_LoginDDT" name="test_loginDDT" time="11.588"/>
  <testcase classname="testCase.TC_003_LoginDDT" name="test_loginDDT" time="11.534"/>
  <testcase classname="testCase.TC_003_LoginDDT" name="test_loginDDT" time="2.765"/>
</testsuite> <!-- OPencartttest -->
