<?xml version="1.0" encoding="UTF-8"?>
<testng-results ignored="0" total="5" passed="5" failed="0" skipped="0">
  <reporter-output>
  </reporter-output>
  <suite started-at="2023-03-06T19:47:53 IST" name="Opencartsuite" finished-at="2023-03-06T19:49:00 IST" duration-ms="67653">
    <groups>
    </groups>
    <test started-at="2023-03-06T19:47:53 IST" name="OPencartttest" finished-at="2023-03-06T19:49:00 IST" duration-ms="67653">
      <class name="testCase.TC_003_LoginDDT">
        <test-method is-config="true" signature="setup(java.lang.String)[pri:0, instance:testCase.TC_003_LoginDDT@7f0eb4b4]" started-at="2023-03-06T19:47:53 IST" name="setup" finished-at="2023-03-06T19:48:08 IST" duration-ms="15044" status="PASS">
          <params>
            <param index="0">
              <value>
                <![CDATA[chrome]]>
              </value>
            </param>
          </params>
          <reporter-output>
          </reporter-output>
        </test-method> <!-- setup -->
        <test-method signature="test_loginDDT(java.lang.String,java.lang.String,java.lang.String)[pri:0, instance:testCase.TC_003_LoginDDT@7f0eb4b4]" started-at="2023-03-06T19:48:10 IST" name="test_loginDDT" data-provider="LoginData" finished-at="2023-03-06T19:48:22 IST" duration-ms="11776" status="PASS">
          <params>
            <param index="0">
              <value>
                <![CDATA[pavanoltraining@gmail.com]]>
              </value>
            </param>
            <param index="1">
              <value>
                <![CDATA[test@123]]>
              </value>
            </param>
            <param index="2">
              <value>
                <![CDATA[invalid]]>
              </value>
            </param>
          </params>
          <reporter-output>
          </reporter-output>
        </test-method> <!-- test_loginDDT -->
        <test-method signature="test_loginDDT(java.lang.String,java.lang.String,java.lang.String)[pri:0, instance:testCase.TC_003_LoginDDT@7f0eb4b4]" started-at="2023-03-06T19:48:22 IST" name="test_loginDDT" data-provider="LoginData" finished-at="2023-03-06T19:48:33 IST" duration-ms="11631" status="PASS">
          <params>
            <param index="0">
              <value>
                <![CDATA[lakshmi@yahoo.com]]>
              </value>
            </param>
            <param index="1">
              <value>
                <![CDATA[Laxmi]]>
              </value>
            </param>
            <param index="2">
              <value>
                <![CDATA[Invalid]]>
              </value>
            </param>
          </params>
          <reporter-output>
          </reporter-output>
        </test-method> <!-- test_loginDDT -->
        <test-method signature="test_loginDDT(java.lang.String,java.lang.String,java.lang.String)[pri:0, instance:testCase.TC_003_LoginDDT@7f0eb4b4]" started-at="2023-03-06T19:48:33 IST" name="test_loginDDT" data-provider="LoginData" finished-at="2023-03-06T19:48:45 IST" duration-ms="11588" status="PASS">
          <params>
            <param index="0">
              <value>
                <![CDATA[laksh@yahoo.com]]>
              </value>
            </param>
            <param index="1">
              <value>
                <![CDATA[Lakshmi]]>
              </value>
            </param>
            <param index="2">
              <value>
                <![CDATA[Invalid]]>
              </value>
            </param>
          </params>
          <reporter-output>
          </reporter-output>
        </test-method> <!-- test_loginDDT -->
        <test-method signature="test_loginDDT(java.lang.String,java.lang.String,java.lang.String)[pri:0, instance:testCase.TC_003_LoginDDT@7f0eb4b4]" started-at="2023-03-06T19:48:45 IST" name="test_loginDDT" data-provider="LoginData" finished-at="2023-03-06T19:48:56 IST" duration-ms="11534" status="PASS">
          <params>
            <param index="0">
              <value>
                <![CDATA[laks@yahoo.com]]>
              </value>
            </param>
            <param index="1">
              <value>
                <![CDATA[xyz]]>
              </value>
            </param>
            <param index="2">
              <value>
                <![CDATA[Invalid]]>
              </value>
            </param>
          </params>
          <reporter-output>
          </reporter-output>
        </test-method> <!-- test_loginDDT -->
        <test-method signature="test_loginDDT(java.lang.String,java.lang.String,java.lang.String)[pri:0, instance:testCase.TC_003_LoginDDT@7f0eb4b4]" started-at="2023-03-06T19:48:56 IST" name="test_loginDDT" data-provider="LoginData" finished-at="2023-03-06T19:48:59 IST" duration-ms="2765" status="PASS">
          <params>
            <param index="0">
              <value>
                <![CDATA[mnopqr123@gmail.com]]>
              </value>
            </param>
            <param index="1">
              <value>
                <![CDATA[test@123]]>
              </value>
            </param>
            <param index="2">
              <value>
                <![CDATA[Valid]]>
              </value>
            </param>
          </params>
          <reporter-output>
          </reporter-output>
        </test-method> <!-- test_loginDDT -->
        <test-method is-config="true" signature="tearDown()[pri:0, instance:testCase.TC_003_LoginDDT@7f0eb4b4]" started-at="2023-03-06T19:48:59 IST" name="tearDown" finished-at="2023-03-06T19:49:00 IST" duration-ms="1081" status="PASS">
          <reporter-output>
          </reporter-output>
        </test-method> <!-- tearDown -->
      </class> <!-- testCase.TC_003_LoginDDT -->
    </test> <!-- OPencartttest -->
  </suite> <!-- Opencartsuite -->
</testng-results>
