<?xml version="1.0" encoding="UTF-8"?>
<testng-results ignored="0" total="5" passed="5" failed="0" skipped="0">
  <reporter-output>
  </reporter-output>
  <suite started-at="2023-03-06T07:14:54 IST" name="Failed suite [Opencartsuite]" finished-at="2023-03-06T07:15:51 IST" duration-ms="56871">
    <groups>
    </groups>
    <test started-at="2023-03-06T07:14:54 IST" name="OPencartttest(failed)" finished-at="2023-03-06T07:15:51 IST" duration-ms="56871">
      <class name="testCase.TC_003_LoginDDT">
        <test-method is-config="true" signature="setup(java.lang.String)[pri:0, instance:testCase.TC_003_LoginDDT@273e7444]" started-at="2023-03-06T07:14:55 IST" name="setup" finished-at="2023-03-06T07:15:01 IST" duration-ms="5764" status="PASS">
          <params>
            <param index="0">
              <value>
                <![CDATA[chrome]]>
              </value>
            </param>
          </params>
          <reporter-output>
          </reporter-output>
        </test-method> <!-- setup -->
        <test-method signature="test_loginDDT(java.lang.String,java.lang.String,java.lang.String)[pri:0, instance:testCase.TC_003_LoginDDT@273e7444]" started-at="2023-03-06T07:15:05 IST" name="test_loginDDT" data-provider="LoginData" finished-at="2023-03-06T07:15:16 IST" duration-ms="11426" status="PASS">
          <params>
            <param index="0">
              <value>
                <![CDATA[pavanoltraining@gmail.com]]>
              </value>
            </param>
            <param index="1">
              <value>
                <![CDATA[test@123]]>
              </value>
            </param>
            <param index="2">
              <value>
                <![CDATA[invalid]]>
              </value>
            </param>
          </params>
          <reporter-output>
          </reporter-output>
        </test-method> <!-- test_loginDDT -->
        <test-method signature="test_loginDDT(java.lang.String,java.lang.String,java.lang.String)[pri:0, instance:testCase.TC_003_LoginDDT@273e7444]" started-at="2023-03-06T07:15:16 IST" name="test_loginDDT" data-provider="LoginData" finished-at="2023-03-06T07:15:28 IST" duration-ms="11577" status="PASS">
          <params>
            <param index="0">
              <value>
                <![CDATA[lakshmi@yahoo.com]]>
              </value>
            </param>
            <param index="1">
              <value>
                <![CDATA[Laxmi]]>
              </value>
            </param>
            <param index="2">
              <value>
                <![CDATA[Invalid]]>
              </value>
            </param>
          </params>
          <reporter-output>
          </reporter-output>
        </test-method> <!-- test_loginDDT -->
        <test-method signature="test_loginDDT(java.lang.String,java.lang.String,java.lang.String)[pri:0, instance:testCase.TC_003_LoginDDT@273e7444]" started-at="2023-03-06T07:15:28 IST" name="test_loginDDT" data-provider="LoginData" finished-at="2023-03-06T07:15:39 IST" duration-ms="10831" status="PASS">
          <params>
            <param index="0">
              <value>
                <![CDATA[laksh@yahoo.com]]>
              </value>
            </param>
            <param index="1">
              <value>
                <![CDATA[Lakshmi]]>
              </value>
            </param>
            <param index="2">
              <value>
                <![CDATA[Invalid]]>
              </value>
            </param>
          </params>
          <reporter-output>
          </reporter-output>
        </test-method> <!-- test_loginDDT -->
        <test-method signature="test_loginDDT(java.lang.String,java.lang.String,java.lang.String)[pri:0, instance:testCase.TC_003_LoginDDT@273e7444]" started-at="2023-03-06T07:15:39 IST" name="test_loginDDT" data-provider="LoginData" finished-at="2023-03-06T07:15:49 IST" duration-ms="10879" status="PASS">
          <params>
            <param index="0">
              <value>
                <![CDATA[laks@yahoo.com]]>
              </value>
            </param>
            <param index="1">
              <value>
                <![CDATA[xyz]]>
              </value>
            </param>
            <param index="2">
              <value>
                <![CDATA[Invalid]]>
              </value>
            </param>
          </params>
          <reporter-output>
          </reporter-output>
        </test-method> <!-- test_loginDDT -->
        <test-method signature="test_loginDDT(java.lang.String,java.lang.String,java.lang.String)[pri:0, instance:testCase.TC_003_LoginDDT@273e7444]" started-at="2023-03-06T07:15:49 IST" name="test_loginDDT" data-provider="LoginData" finished-at="2023-03-06T07:15:51 IST" duration-ms="1279" status="PASS">
          <params>
            <param index="0">
              <value>
                <![CDATA[mnopqr123@gmail.com]]>
              </value>
            </param>
            <param index="1">
              <value>
                <![CDATA[test@123]]>
              </value>
            </param>
            <param index="2">
              <value>
                <![CDATA[Valid]]>
              </value>
            </param>
          </params>
          <reporter-output>
          </reporter-output>
        </test-method> <!-- test_loginDDT -->
        <test-method is-config="true" signature="tearDown()[pri:0, instance:testCase.TC_003_LoginDDT@273e7444]" started-at="2023-03-06T07:15:51 IST" name="tearDown" finished-at="2023-03-06T07:15:51 IST" duration-ms="490" status="PASS">
          <reporter-output>
          </reporter-output>
        </test-method> <!-- tearDown -->
      </class> <!-- testCase.TC_003_LoginDDT -->
    </test> <!-- OPencartttest(failed) -->
  </suite> <!-- Failed suite [Opencartsuite] -->
</testng-results>
